Performing Test HAVE_FSETXATTR_6 failed with the following output:
Change Dir: '/home/maxim/Programming/Cpp/OpenGL/cmake-3.29.1/CMakeFiles/CMakeTmp'

Run Build Command(s): /home/maxim/Programming/Cpp/OpenGL/cmake-3.29.1/Bootstrap.cmk/cmake -E env VERBOSE=1 /usr/bin/gmake -f Makefile cmTC_ecfa5/fast
gmake  -f CMakeFiles/cmTC_ecfa5.dir/build.make CMakeFiles/cmTC_ecfa5.dir/build
gmake[1]: вход в каталог «/home/maxim/Programming/Cpp/OpenGL/cmake-3.29.1/CMakeFiles/CMakeTmp»
Building C object CMakeFiles/cmTC_ecfa5.dir/CurlTests.c.o
/usr/bin/gcc   -w -DHAVE_FSETXATTR_6  -DHAVE_SYS_WAIT_H -DHAVE_SYS_IOCTL_H -DHAVE_SYS_PARAM_H -DHAVE_SYS_POLL_H -DHAVE_SYS_RESOURCE_H -DHAVE_SYS_SELECT_H -DHAVE_SYS_SOCKET_H -DHAVE_SYS_STAT_H -DHAVE_SYS_TIME_H -DHAVE_SYS_TYPES_H -DHAVE_SYS_UN_H -DHAVE_SYS_XATTR_H -DHAVE_ARPA_INET_H -DHAVE_FCNTL_H -DHAVE_IFADDRS_H -DHAVE_LIBGEN_H -DHAVE_LOCALE_H -DHAVE_NET_IF_H -DHAVE_NETDB_H -DHAVE_NETINET_IN_H -DHAVE_NETINET_TCP_H -DHAVE_NETINET_UDP_H -DHAVE_POLL_H -DHAVE_PWD_H -DHAVE_STDBOOL_H -DHAVE_STRINGS_H -DHAVE_TERMIO_H -DHAVE_TERMIOS_H -DHAVE_UNISTD_H -DHAVE_UTIME_H -std=gnu11 -o CMakeFiles/cmTC_ecfa5.dir/CurlTests.c.o -c /home/maxim/Programming/Cpp/OpenGL/cmake-3.29.1/Utilities/cmcurl/CMake/CurlTests.c
/home/maxim/Programming/Cpp/OpenGL/cmake-3.29.1/Utilities/cmcurl/CMake/CurlTests.c: In function ‘main’:
/home/maxim/Programming/Cpp/OpenGL/cmake-3.29.1/Utilities/cmcurl/CMake/CurlTests.c:356:3: error: too many arguments to function ‘fsetxattr’
  356 |   fsetxattr(0, 0, 0, 0, 0, 0);
      |   ^~~~~~~~~
In file included from /home/maxim/Programming/Cpp/OpenGL/cmake-3.29.1/Utilities/cmcurl/CMake/CurlTests.c:353:
/usr/include/x86_64-linux-gnu/sys/xattr.h:54:12: note: declared here
   54 | extern int fsetxattr (int __fd, const char *__name, const void *__value,
      |            ^~~~~~~~~
gmake[1]: *** [CMakeFiles/cmTC_ecfa5.dir/build.make:78: CMakeFiles/cmTC_ecfa5.dir/CurlTests.c.o] Ошибка 1
gmake[1]: выход из каталога «/home/maxim/Programming/Cpp/OpenGL/cmake-3.29.1/CMakeFiles/CMakeTmp»
gmake: *** [Makefile:127: cmTC_ecfa5/fast] Ошибка 2


Performing Test HAVE_IOCTLSOCKET failed with the following output:
Change Dir: '/home/maxim/Programming/Cpp/OpenGL/cmake-3.29.1/CMakeFiles/CMakeTmp'

Run Build Command(s): /home/maxim/Programming/Cpp/OpenGL/cmake-3.29.1/Bootstrap.cmk/cmake -E env VERBOSE=1 /usr/bin/gmake -f Makefile cmTC_9b237/fast
gmake  -f CMakeFiles/cmTC_9b237.dir/build.make CMakeFiles/cmTC_9b237.dir/build
gmake[1]: вход в каталог «/home/maxim/Programming/Cpp/OpenGL/cmake-3.29.1/CMakeFiles/CMakeTmp»
Building C object CMakeFiles/cmTC_9b237.dir/CurlTests.c.o
/usr/bin/gcc   -w -DHAVE_IOCTLSOCKET  -DHAVE_SYS_WAIT_H -DHAVE_SYS_IOCTL_H -DHAVE_SYS_PARAM_H -DHAVE_SYS_POLL_H -DHAVE_SYS_RESOURCE_H -DHAVE_SYS_SELECT_H -DHAVE_SYS_SOCKET_H -DHAVE_SYS_STAT_H -DHAVE_SYS_TIME_H -DHAVE_SYS_TYPES_H -DHAVE_SYS_UN_H -DHAVE_SYS_XATTR_H -DHAVE_ARPA_INET_H -DHAVE_FCNTL_H -DHAVE_IFADDRS_H -DHAVE_LIBGEN_H -DHAVE_LOCALE_H -DHAVE_NET_IF_H -DHAVE_NETDB_H -DHAVE_NETINET_IN_H -DHAVE_NETINET_TCP_H -DHAVE_NETINET_UDP_H -DHAVE_POLL_H -DHAVE_PWD_H -DHAVE_STDBOOL_H -DHAVE_STRINGS_H -DHAVE_TERMIO_H -DHAVE_TERMIOS_H -DHAVE_UNISTD_H -DHAVE_UTIME_H -std=gnu11 -o CMakeFiles/cmTC_9b237.dir/CurlTests.c.o -c /home/maxim/Programming/Cpp/OpenGL/cmake-3.29.1/Utilities/cmcurl/CMake/CurlTests.c
/home/maxim/Programming/Cpp/OpenGL/cmake-3.29.1/Utilities/cmcurl/CMake/CurlTests.c: In function ‘main’:
/home/maxim/Programming/Cpp/OpenGL/cmake-3.29.1/Utilities/cmcurl/CMake/CurlTests.c:177:45: error: ‘FIONBIO’ undeclared (first use in this function)
  177 |   unsigned long flags = ioctlsocket(socket, FIONBIO, &flags);
      |                                             ^~~~~~~
/home/maxim/Programming/Cpp/OpenGL/cmake-3.29.1/Utilities/cmcurl/CMake/CurlTests.c:177:45: note: each undeclared identifier is reported only once for each function it appears in
gmake[1]: *** [CMakeFiles/cmTC_9b237.dir/build.make:78: CMakeFiles/cmTC_9b237.dir/CurlTests.c.o] Ошибка 1
gmake[1]: выход из каталога «/home/maxim/Programming/Cpp/OpenGL/cmake-3.29.1/CMakeFiles/CMakeTmp»
gmake: *** [Makefile:127: cmTC_9b237/fast] Ошибка 2


Performing Test HAVE_IOCTLSOCKET_CAMEL failed with the following output:
Change Dir: '/home/maxim/Programming/Cpp/OpenGL/cmake-3.29.1/CMakeFiles/CMakeTmp'

Run Build Command(s): /home/maxim/Programming/Cpp/OpenGL/cmake-3.29.1/Bootstrap.cmk/cmake -E env VERBOSE=1 /usr/bin/gmake -f Makefile cmTC_297aa/fast
gmake  -f CMakeFiles/cmTC_297aa.dir/build.make CMakeFiles/cmTC_297aa.dir/build
gmake[1]: вход в каталог «/home/maxim/Programming/Cpp/OpenGL/cmake-3.29.1/CMakeFiles/CMakeTmp»
Building C object CMakeFiles/cmTC_297aa.dir/CurlTests.c.o
/usr/bin/gcc   -w -DHAVE_IOCTLSOCKET_CAMEL  -DHAVE_SYS_WAIT_H -DHAVE_SYS_IOCTL_H -DHAVE_SYS_PARAM_H -DHAVE_SYS_POLL_H -DHAVE_SYS_RESOURCE_H -DHAVE_SYS_SELECT_H -DHAVE_SYS_SOCKET_H -DHAVE_SYS_STAT_H -DHAVE_SYS_TIME_H -DHAVE_SYS_TYPES_H -DHAVE_SYS_UN_H -DHAVE_SYS_XATTR_H -DHAVE_ARPA_INET_H -DHAVE_FCNTL_H -DHAVE_IFADDRS_H -DHAVE_LIBGEN_H -DHAVE_LOCALE_H -DHAVE_NET_IF_H -DHAVE_NETDB_H -DHAVE_NETINET_IN_H -DHAVE_NETINET_TCP_H -DHAVE_NETINET_UDP_H -DHAVE_POLL_H -DHAVE_PWD_H -DHAVE_STDBOOL_H -DHAVE_STRINGS_H -DHAVE_TERMIO_H -DHAVE_TERMIOS_H -DHAVE_UNISTD_H -DHAVE_UTIME_H -std=gnu11 -o CMakeFiles/cmTC_297aa.dir/CurlTests.c.o -c /home/maxim/Programming/Cpp/OpenGL/cmake-3.29.1/Utilities/cmcurl/CMake/CurlTests.c
Linking C executable cmTC_297aa
/home/maxim/Programming/Cpp/OpenGL/cmake-3.29.1/Bootstrap.cmk/cmake -E cmake_link_script CMakeFiles/cmTC_297aa.dir/link.txt --verbose=1
/usr/bin/gcc  -w -DHAVE_IOCTLSOCKET_CAMEL  -DHAVE_SYS_WAIT_H -DHAVE_SYS_IOCTL_H -DHAVE_SYS_PARAM_H -DHAVE_SYS_POLL_H -DHAVE_SYS_RESOURCE_H -DHAVE_SYS_SELECT_H -DHAVE_SYS_SOCKET_H -DHAVE_SYS_STAT_H -DHAVE_SYS_TIME_H -DHAVE_SYS_TYPES_H -DHAVE_SYS_UN_H -DHAVE_SYS_XATTR_H -DHAVE_ARPA_INET_H -DHAVE_FCNTL_H -DHAVE_IFADDRS_H -DHAVE_LIBGEN_H -DHAVE_LOCALE_H -DHAVE_NET_IF_H -DHAVE_NETDB_H -DHAVE_NETINET_IN_H -DHAVE_NETINET_TCP_H -DHAVE_NETINET_UDP_H -DHAVE_POLL_H -DHAVE_PWD_H -DHAVE_STDBOOL_H -DHAVE_STRINGS_H -DHAVE_TERMIO_H -DHAVE_TERMIOS_H -DHAVE_UNISTD_H -DHAVE_UTIME_H CMakeFiles/cmTC_297aa.dir/CurlTests.c.o -o cmTC_297aa
/usr/bin/ld: CMakeFiles/cmTC_297aa.dir/CurlTests.c.o: в функции «main»:
CurlTests.c:(.text+0x1d): неопределённая ссылка на «IoctlSocket»
collect2: error: ld returned 1 exit status
gmake[1]: *** [CMakeFiles/cmTC_297aa.dir/build.make:99: cmTC_297aa] Ошибка 1
gmake[1]: выход из каталога «/home/maxim/Programming/Cpp/OpenGL/cmake-3.29.1/CMakeFiles/CMakeTmp»
gmake: *** [Makefile:127: cmTC_297aa/fast] Ошибка 2


Performing Test HAVE_IOCTLSOCKET_CAMEL_FIONBIO failed with the following output:
Change Dir: '/home/maxim/Programming/Cpp/OpenGL/cmake-3.29.1/CMakeFiles/CMakeTmp'

Run Build Command(s): /home/maxim/Programming/Cpp/OpenGL/cmake-3.29.1/Bootstrap.cmk/cmake -E env VERBOSE=1 /usr/bin/gmake -f Makefile cmTC_9c57d/fast
gmake  -f CMakeFiles/cmTC_9c57d.dir/build.make CMakeFiles/cmTC_9c57d.dir/build
gmake[1]: вход в каталог «/home/maxim/Programming/Cpp/OpenGL/cmake-3.29.1/CMakeFiles/CMakeTmp»
Building C object CMakeFiles/cmTC_9c57d.dir/CurlTests.c.o
/usr/bin/gcc   -w -DHAVE_IOCTLSOCKET_CAMEL_FIONBIO  -DHAVE_SYS_WAIT_H -DHAVE_SYS_IOCTL_H -DHAVE_SYS_PARAM_H -DHAVE_SYS_POLL_H -DHAVE_SYS_RESOURCE_H -DHAVE_SYS_SELECT_H -DHAVE_SYS_SOCKET_H -DHAVE_SYS_STAT_H -DHAVE_SYS_TIME_H -DHAVE_SYS_TYPES_H -DHAVE_SYS_UN_H -DHAVE_SYS_XATTR_H -DHAVE_ARPA_INET_H -DHAVE_FCNTL_H -DHAVE_IFADDRS_H -DHAVE_LIBGEN_H -DHAVE_LOCALE_H -DHAVE_NET_IF_H -DHAVE_NETDB_H -DHAVE_NETINET_IN_H -DHAVE_NETINET_TCP_H -DHAVE_NETINET_UDP_H -DHAVE_POLL_H -DHAVE_PWD_H -DHAVE_STDBOOL_H -DHAVE_STRINGS_H -DHAVE_TERMIO_H -DHAVE_TERMIOS_H -DHAVE_UNISTD_H -DHAVE_UTIME_H -std=gnu11 -o CMakeFiles/cmTC_9c57d.dir/CurlTests.c.o -c /home/maxim/Programming/Cpp/OpenGL/cmake-3.29.1/Utilities/cmcurl/CMake/CurlTests.c
/home/maxim/Programming/Cpp/OpenGL/cmake-3.29.1/Utilities/cmcurl/CMake/CurlTests.c: In function ‘main’:
/home/maxim/Programming/Cpp/OpenGL/cmake-3.29.1/Utilities/cmcurl/CMake/CurlTests.c:214:26: error: ‘FIONBIO’ undeclared (first use in this function)
  214 |   if(0 != IoctlSocket(0, FIONBIO, &flags))
      |                          ^~~~~~~
/home/maxim/Programming/Cpp/OpenGL/cmake-3.29.1/Utilities/cmcurl/CMake/CurlTests.c:214:26: note: each undeclared identifier is reported only once for each function it appears in
gmake[1]: *** [CMakeFiles/cmTC_9c57d.dir/build.make:78: CMakeFiles/cmTC_9c57d.dir/CurlTests.c.o] Ошибка 1
gmake[1]: выход из каталога «/home/maxim/Programming/Cpp/OpenGL/cmake-3.29.1/CMakeFiles/CMakeTmp»
gmake: *** [Makefile:127: cmTC_9c57d/fast] Ошибка 2


Performing Test HAVE_IOCTLSOCKET_FIONBIO failed with the following output:
Change Dir: '/home/maxim/Programming/Cpp/OpenGL/cmake-3.29.1/CMakeFiles/CMakeTmp'

Run Build Command(s): /home/maxim/Programming/Cpp/OpenGL/cmake-3.29.1/Bootstrap.cmk/cmake -E env VERBOSE=1 /usr/bin/gmake -f Makefile cmTC_f44e6/fast
gmake  -f CMakeFiles/cmTC_f44e6.dir/build.make CMakeFiles/cmTC_f44e6.dir/build
gmake[1]: вход в каталог «/home/maxim/Programming/Cpp/OpenGL/cmake-3.29.1/CMakeFiles/CMakeTmp»
Building C object CMakeFiles/cmTC_f44e6.dir/CurlTests.c.o
/usr/bin/gcc   -w -DHAVE_IOCTLSOCKET_FIONBIO  -DHAVE_SYS_WAIT_H -DHAVE_SYS_IOCTL_H -DHAVE_SYS_PARAM_H -DHAVE_SYS_POLL_H -DHAVE_SYS_RESOURCE_H -DHAVE_SYS_SELECT_H -DHAVE_SYS_SOCKET_H -DHAVE_SYS_STAT_H -DHAVE_SYS_TIME_H -DHAVE_SYS_TYPES_H -DHAVE_SYS_UN_H -DHAVE_SYS_XATTR_H -DHAVE_ARPA_INET_H -DHAVE_FCNTL_H -DHAVE_IFADDRS_H -DHAVE_LIBGEN_H -DHAVE_LOCALE_H -DHAVE_NET_IF_H -DHAVE_NETDB_H -DHAVE_NETINET_IN_H -DHAVE_NETINET_TCP_H -DHAVE_NETINET_UDP_H -DHAVE_POLL_H -DHAVE_PWD_H -DHAVE_STDBOOL_H -DHAVE_STRINGS_H -DHAVE_TERMIO_H -DHAVE_TERMIOS_H -DHAVE_UNISTD_H -DHAVE_UTIME_H -std=gnu11 -o CMakeFiles/cmTC_f44e6.dir/CurlTests.c.o -c /home/maxim/Programming/Cpp/OpenGL/cmake-3.29.1/Utilities/cmcurl/CMake/CurlTests.c
/home/maxim/Programming/Cpp/OpenGL/cmake-3.29.1/Utilities/cmcurl/CMake/CurlTests.c: In function ‘main’:
/home/maxim/Programming/Cpp/OpenGL/cmake-3.29.1/Utilities/cmcurl/CMake/CurlTests.c:232:26: error: ‘FIONBIO’ undeclared (first use in this function)
  232 |   if(0 != ioctlsocket(0, FIONBIO, &flags))
      |                          ^~~~~~~
/home/maxim/Programming/Cpp/OpenGL/cmake-3.29.1/Utilities/cmcurl/CMake/CurlTests.c:232:26: note: each undeclared identifier is reported only once for each function it appears in
gmake[1]: *** [CMakeFiles/cmTC_f44e6.dir/build.make:78: CMakeFiles/cmTC_f44e6.dir/CurlTests.c.o] Ошибка 1
gmake[1]: выход из каталога «/home/maxim/Programming/Cpp/OpenGL/cmake-3.29.1/CMakeFiles/CMakeTmp»
gmake: *** [Makefile:127: cmTC_f44e6/fast] Ошибка 2


Performing Test HAVE_SETSOCKOPT_SO_NONBLOCK failed with the following output:
Change Dir: '/home/maxim/Programming/Cpp/OpenGL/cmake-3.29.1/CMakeFiles/CMakeTmp'

Run Build Command(s): /home/maxim/Programming/Cpp/OpenGL/cmake-3.29.1/Bootstrap.cmk/cmake -E env VERBOSE=1 /usr/bin/gmake -f Makefile cmTC_ec4ec/fast
gmake  -f CMakeFiles/cmTC_ec4ec.dir/build.make CMakeFiles/cmTC_ec4ec.dir/build
gmake[1]: вход в каталог «/home/maxim/Programming/Cpp/OpenGL/cmake-3.29.1/CMakeFiles/CMakeTmp»
Building C object CMakeFiles/cmTC_ec4ec.dir/CurlTests.c.o
/usr/bin/gcc   -w -DHAVE_SETSOCKOPT_SO_NONBLOCK  -DHAVE_SYS_WAIT_H -DHAVE_SYS_IOCTL_H -DHAVE_SYS_PARAM_H -DHAVE_SYS_POLL_H -DHAVE_SYS_RESOURCE_H -DHAVE_SYS_SELECT_H -DHAVE_SYS_SOCKET_H -DHAVE_SYS_STAT_H -DHAVE_SYS_TIME_H -DHAVE_SYS_TYPES_H -DHAVE_SYS_UN_H -DHAVE_SYS_XATTR_H -DHAVE_ARPA_INET_H -DHAVE_FCNTL_H -DHAVE_IFADDRS_H -DHAVE_LIBGEN_H -DHAVE_LOCALE_H -DHAVE_NET_IF_H -DHAVE_NETDB_H -DHAVE_NETINET_IN_H -DHAVE_NETINET_TCP_H -DHAVE_NETINET_UDP_H -DHAVE_POLL_H -DHAVE_PWD_H -DHAVE_STDBOOL_H -DHAVE_STRINGS_H -DHAVE_TERMIO_H -DHAVE_TERMIOS_H -DHAVE_UNISTD_H -DHAVE_UTIME_H -std=gnu11 -o CMakeFiles/cmTC_ec4ec.dir/CurlTests.c.o -c /home/maxim/Programming/Cpp/OpenGL/cmake-3.29.1/Utilities/cmcurl/CMake/CurlTests.c
/home/maxim/Programming/Cpp/OpenGL/cmake-3.29.1/Utilities/cmcurl/CMake/CurlTests.c: In function ‘main’:
/home/maxim/Programming/Cpp/OpenGL/cmake-3.29.1/Utilities/cmcurl/CMake/CurlTests.c:314:37: error: ‘SO_NONBLOCK’ undeclared (first use in this function); did you mean ‘SOCK_NONBLOCK’?
  314 |   if(0 != setsockopt(0, SOL_SOCKET, SO_NONBLOCK, 0, 0))
      |                                     ^~~~~~~~~~~
      |                                     SOCK_NONBLOCK
/home/maxim/Programming/Cpp/OpenGL/cmake-3.29.1/Utilities/cmcurl/CMake/CurlTests.c:314:37: note: each undeclared identifier is reported only once for each function it appears in
gmake[1]: *** [CMakeFiles/cmTC_ec4ec.dir/build.make:78: CMakeFiles/cmTC_ec4ec.dir/CurlTests.c.o] Ошибка 1
gmake[1]: выход из каталога «/home/maxim/Programming/Cpp/OpenGL/cmake-3.29.1/CMakeFiles/CMakeTmp»
gmake: *** [Makefile:127: cmTC_ec4ec/fast] Ошибка 2


Performing Test HAVE_O_NONBLOCK failed with the following output:
Change Dir: '/home/maxim/Programming/Cpp/OpenGL/cmake-3.29.1/CMakeFiles/CMakeTmp'

Run Build Command(s): /home/maxim/Programming/Cpp/OpenGL/cmake-3.29.1/Bootstrap.cmk/cmake -E env VERBOSE=1 /usr/bin/gmake -f Makefile cmTC_671eb/fast
gmake  -f CMakeFiles/cmTC_671eb.dir/build.make CMakeFiles/cmTC_671eb.dir/build
gmake[1]: вход в каталог «/home/maxim/Programming/Cpp/OpenGL/cmake-3.29.1/CMakeFiles/CMakeTmp»
Building C object CMakeFiles/cmTC_671eb.dir/CurlTests.c.o
/usr/bin/gcc   -w -DHAVE_O_NONBLOCK  -DHAVE_SYS_WAIT_H -DHAVE_SYS_IOCTL_H -DHAVE_SYS_PARAM_H -DHAVE_SYS_POLL_H -DHAVE_SYS_RESOURCE_H -DHAVE_SYS_SELECT_H -DHAVE_SYS_SOCKET_H -DHAVE_SYS_STAT_H -DHAVE_SYS_TIME_H -DHAVE_SYS_TYPES_H -DHAVE_SYS_UN_H -DHAVE_SYS_XATTR_H -DHAVE_ARPA_INET_H -DHAVE_FCNTL_H -DHAVE_IFADDRS_H -DHAVE_LIBGEN_H -DHAVE_LOCALE_H -DHAVE_NET_IF_H -DHAVE_NETDB_H -DHAVE_NETINET_IN_H -DHAVE_NETINET_TCP_H -DHAVE_NETINET_UDP_H -DHAVE_POLL_H -DHAVE_PWD_H -DHAVE_STDBOOL_H -DHAVE_STRINGS_H -DHAVE_TERMIO_H -DHAVE_TERMIOS_H -DHAVE_UNISTD_H -DHAVE_UTIME_H -std=gnu11 -o CMakeFiles/cmTC_671eb.dir/CurlTests.c.o -c /home/maxim/Programming/Cpp/OpenGL/cmake-3.29.1/Utilities/cmcurl/CMake/CurlTests.c
Linking C executable cmTC_671eb
/home/maxim/Programming/Cpp/OpenGL/cmake-3.29.1/Bootstrap.cmk/cmake -E cmake_link_script CMakeFiles/cmTC_671eb.dir/link.txt --verbose=1
/usr/bin/gcc  -w -DHAVE_O_NONBLOCK  -DHAVE_SYS_WAIT_H -DHAVE_SYS_IOCTL_H -DHAVE_SYS_PARAM_H -DHAVE_SYS_POLL_H -DHAVE_SYS_RESOURCE_H -DHAVE_SYS_SELECT_H -DHAVE_SYS_SOCKET_H -DHAVE_SYS_STAT_H -DHAVE_SYS_TIME_H -DHAVE_SYS_TYPES_H -DHAVE_SYS_UN_H -DHAVE_SYS_XATTR_H -DHAVE_ARPA_INET_H -DHAVE_FCNTL_H -DHAVE_IFADDRS_H -DHAVE_LIBGEN_H -DHAVE_LOCALE_H -DHAVE_NET_IF_H -DHAVE_NETDB_H -DHAVE_NETINET_IN_H -DHAVE_NETINET_TCP_H -DHAVE_NETINET_UDP_H -DHAVE_POLL_H -DHAVE_PWD_H -DHAVE_STDBOOL_H -DHAVE_STRINGS_H -DHAVE_TERMIO_H -DHAVE_TERMIOS_H -DHAVE_UNISTD_H -DHAVE_UTIME_H CMakeFiles/cmTC_671eb.dir/CurlTests.c.o -o cmTC_671eb
/usr/bin/ld: /usr/lib/gcc/x86_64-linux-gnu/11/../../../x86_64-linux-gnu/Scrt1.o: в функции «_start»:
(.text+0x1b): неопределённая ссылка на «main»
collect2: error: ld returned 1 exit status
gmake[1]: *** [CMakeFiles/cmTC_671eb.dir/build.make:99: cmTC_671eb] Ошибка 1
gmake[1]: выход из каталога «/home/maxim/Programming/Cpp/OpenGL/cmake-3.29.1/CMakeFiles/CMakeTmp»
gmake: *** [Makefile:127: cmTC_671eb/fast] Ошибка 2


Performing Test HAVE_GETHOSTBYNAME_R_3 failed with the following output:
Change Dir: '/home/maxim/Programming/Cpp/OpenGL/cmake-3.29.1/CMakeFiles/CMakeTmp'

Run Build Command(s): /home/maxim/Programming/Cpp/OpenGL/cmake-3.29.1/Bootstrap.cmk/cmake -E env VERBOSE=1 /usr/bin/gmake -f Makefile cmTC_da69b/fast
gmake  -f CMakeFiles/cmTC_da69b.dir/build.make CMakeFiles/cmTC_da69b.dir/build
gmake[1]: вход в каталог «/home/maxim/Programming/Cpp/OpenGL/cmake-3.29.1/CMakeFiles/CMakeTmp»
Building C object CMakeFiles/cmTC_da69b.dir/CurlTests.c.o
/usr/bin/gcc   -w -DHAVE_GETHOSTBYNAME_R_3  -DHAVE_SYS_WAIT_H -DHAVE_SYS_IOCTL_H -DHAVE_SYS_PARAM_H -DHAVE_SYS_POLL_H -DHAVE_SYS_RESOURCE_H -DHAVE_SYS_SELECT_H -DHAVE_SYS_SOCKET_H -DHAVE_SYS_STAT_H -DHAVE_SYS_TIME_H -DHAVE_SYS_TYPES_H -DHAVE_SYS_UN_H -DHAVE_SYS_XATTR_H -DHAVE_ARPA_INET_H -DHAVE_FCNTL_H -DHAVE_IFADDRS_H -DHAVE_LIBGEN_H -DHAVE_LOCALE_H -DHAVE_NET_IF_H -DHAVE_NETDB_H -DHAVE_NETINET_IN_H -DHAVE_NETINET_TCP_H -DHAVE_NETINET_UDP_H -DHAVE_POLL_H -DHAVE_PWD_H -DHAVE_STDBOOL_H -DHAVE_STRINGS_H -DHAVE_TERMIO_H -DHAVE_TERMIOS_H -DHAVE_UNISTD_H -DHAVE_UTIME_H -std=gnu11 -o CMakeFiles/cmTC_da69b.dir/CurlTests.c.o -c /home/maxim/Programming/Cpp/OpenGL/cmake-3.29.1/Utilities/cmcurl/CMake/CurlTests.c
/home/maxim/Programming/Cpp/OpenGL/cmake-3.29.1/Utilities/cmcurl/CMake/CurlTests.c: In function ‘main’:
/home/maxim/Programming/Cpp/OpenGL/cmake-3.29.1/Utilities/cmcurl/CMake/CurlTests.c:80:23: error: storage size of ‘hdata’ isn’t known
   80 |   struct hostent_data hdata;
      |                       ^~~~~
/home/maxim/Programming/Cpp/OpenGL/cmake-3.29.1/Utilities/cmcurl/CMake/CurlTests.c:92:8: error: too few arguments to function ‘gethostbyname_r’
   92 |   rc = gethostbyname_r(address, &h, &hdata);
      |        ^~~~~~~~~~~~~~~
In file included from /home/maxim/Programming/Cpp/OpenGL/cmake-3.29.1/Utilities/cmcurl/CMake/CurlTests.c:70:
/usr/include/netdb.h:177:12: note: declared here
  177 | extern int gethostbyname_r (const char *__restrict __name,
      |            ^~~~~~~~~~~~~~~
gmake[1]: *** [CMakeFiles/cmTC_da69b.dir/build.make:78: CMakeFiles/cmTC_da69b.dir/CurlTests.c.o] Ошибка 1
gmake[1]: выход из каталога «/home/maxim/Programming/Cpp/OpenGL/cmake-3.29.1/CMakeFiles/CMakeTmp»
gmake: *** [Makefile:127: cmTC_da69b/fast] Ошибка 2


Performing Test HAVE_GETHOSTBYNAME_R_5 failed with the following output:
Change Dir: '/home/maxim/Programming/Cpp/OpenGL/cmake-3.29.1/CMakeFiles/CMakeTmp'

Run Build Command(s): /home/maxim/Programming/Cpp/OpenGL/cmake-3.29.1/Bootstrap.cmk/cmake -E env VERBOSE=1 /usr/bin/gmake -f Makefile cmTC_2dac2/fast
gmake  -f CMakeFiles/cmTC_2dac2.dir/build.make CMakeFiles/cmTC_2dac2.dir/build
gmake[1]: вход в каталог «/home/maxim/Programming/Cpp/OpenGL/cmake-3.29.1/CMakeFiles/CMakeTmp»
Building C object CMakeFiles/cmTC_2dac2.dir/CurlTests.c.o
/usr/bin/gcc   -w -DHAVE_GETHOSTBYNAME_R_5  -DHAVE_SYS_WAIT_H -DHAVE_SYS_IOCTL_H -DHAVE_SYS_PARAM_H -DHAVE_SYS_POLL_H -DHAVE_SYS_RESOURCE_H -DHAVE_SYS_SELECT_H -DHAVE_SYS_SOCKET_H -DHAVE_SYS_STAT_H -DHAVE_SYS_TIME_H -DHAVE_SYS_TYPES_H -DHAVE_SYS_UN_H -DHAVE_SYS_XATTR_H -DHAVE_ARPA_INET_H -DHAVE_FCNTL_H -DHAVE_IFADDRS_H -DHAVE_LIBGEN_H -DHAVE_LOCALE_H -DHAVE_NET_IF_H -DHAVE_NETDB_H -DHAVE_NETINET_IN_H -DHAVE_NETINET_TCP_H -DHAVE_NETINET_UDP_H -DHAVE_POLL_H -DHAVE_PWD_H -DHAVE_STDBOOL_H -DHAVE_STRINGS_H -DHAVE_TERMIO_H -DHAVE_TERMIOS_H -DHAVE_UNISTD_H -DHAVE_UTIME_H -std=gnu11 -o CMakeFiles/cmTC_2dac2.dir/CurlTests.c.o -c /home/maxim/Programming/Cpp/OpenGL/cmake-3.29.1/Utilities/cmcurl/CMake/CurlTests.c
/home/maxim/Programming/Cpp/OpenGL/cmake-3.29.1/Utilities/cmcurl/CMake/CurlTests.c: In function ‘main’:
/home/maxim/Programming/Cpp/OpenGL/cmake-3.29.1/Utilities/cmcurl/CMake/CurlTests.c:95:8: error: too few arguments to function ‘gethostbyname_r’
   95 |   rc = gethostbyname_r(address, &h, buffer, 8192, &h_errnop);
      |        ^~~~~~~~~~~~~~~
In file included from /home/maxim/Programming/Cpp/OpenGL/cmake-3.29.1/Utilities/cmcurl/CMake/CurlTests.c:70:
/usr/include/netdb.h:177:12: note: declared here
  177 | extern int gethostbyname_r (const char *__restrict __name,
      |            ^~~~~~~~~~~~~~~
gmake[1]: *** [CMakeFiles/cmTC_2dac2.dir/build.make:78: CMakeFiles/cmTC_2dac2.dir/CurlTests.c.o] Ошибка 1
gmake[1]: выход из каталога «/home/maxim/Programming/Cpp/OpenGL/cmake-3.29.1/CMakeFiles/CMakeTmp»
gmake: *** [Makefile:127: cmTC_2dac2/fast] Ошибка 2


Performing Test HAVE_GETHOSTBYNAME_R_3_REENTRANT failed with the following output:
Change Dir: '/home/maxim/Programming/Cpp/OpenGL/cmake-3.29.1/CMakeFiles/CMakeTmp'

Run Build Command(s): /home/maxim/Programming/Cpp/OpenGL/cmake-3.29.1/Bootstrap.cmk/cmake -E env VERBOSE=1 /usr/bin/gmake -f Makefile cmTC_30906/fast
gmake  -f CMakeFiles/cmTC_30906.dir/build.make CMakeFiles/cmTC_30906.dir/build
gmake[1]: вход в каталог «/home/maxim/Programming/Cpp/OpenGL/cmake-3.29.1/CMakeFiles/CMakeTmp»
Building C object CMakeFiles/cmTC_30906.dir/CurlTests.c.o
/usr/bin/gcc   -w -DHAVE_GETHOSTBYNAME_R_3_REENTRANT  -DHAVE_SYS_WAIT_H -DHAVE_SYS_IOCTL_H -DHAVE_SYS_PARAM_H -DHAVE_SYS_POLL_H -DHAVE_SYS_RESOURCE_H -DHAVE_SYS_SELECT_H -DHAVE_SYS_SOCKET_H -DHAVE_SYS_STAT_H -DHAVE_SYS_TIME_H -DHAVE_SYS_TYPES_H -DHAVE_SYS_UN_H -DHAVE_SYS_XATTR_H -DHAVE_ARPA_INET_H -DHAVE_FCNTL_H -DHAVE_IFADDRS_H -DHAVE_LIBGEN_H -DHAVE_LOCALE_H -DHAVE_NET_IF_H -DHAVE_NETDB_H -DHAVE_NETINET_IN_H -DHAVE_NETINET_TCP_H -DHAVE_NETINET_UDP_H -DHAVE_POLL_H -DHAVE_PWD_H -DHAVE_STDBOOL_H -DHAVE_STRINGS_H -DHAVE_TERMIO_H -DHAVE_TERMIOS_H -DHAVE_UNISTD_H -DHAVE_UTIME_H -std=gnu11 -o CMakeFiles/cmTC_30906.dir/CurlTests.c.o -c /home/maxim/Programming/Cpp/OpenGL/cmake-3.29.1/Utilities/cmcurl/CMake/CurlTests.c
/home/maxim/Programming/Cpp/OpenGL/cmake-3.29.1/Utilities/cmcurl/CMake/CurlTests.c: In function ‘main’:
/home/maxim/Programming/Cpp/OpenGL/cmake-3.29.1/Utilities/cmcurl/CMake/CurlTests.c:80:23: error: storage size of ‘hdata’ isn’t known
   80 |   struct hostent_data hdata;
      |                       ^~~~~
/home/maxim/Programming/Cpp/OpenGL/cmake-3.29.1/Utilities/cmcurl/CMake/CurlTests.c:92:8: error: too few arguments to function ‘gethostbyname_r’
   92 |   rc = gethostbyname_r(address, &h, &hdata);
      |        ^~~~~~~~~~~~~~~
In file included from /home/maxim/Programming/Cpp/OpenGL/cmake-3.29.1/Utilities/cmcurl/CMake/CurlTests.c:70:
/usr/include/netdb.h:177:12: note: declared here
  177 | extern int gethostbyname_r (const char *__restrict __name,
      |            ^~~~~~~~~~~~~~~
gmake[1]: *** [CMakeFiles/cmTC_30906.dir/build.make:78: CMakeFiles/cmTC_30906.dir/CurlTests.c.o] Ошибка 1
gmake[1]: выход из каталога «/home/maxim/Programming/Cpp/OpenGL/cmake-3.29.1/CMakeFiles/CMakeTmp»
gmake: *** [Makefile:127: cmTC_30906/fast] Ошибка 2


Performing Test HAVE_GETHOSTBYNAME_R_5_REENTRANT failed with the following output:
Change Dir: '/home/maxim/Programming/Cpp/OpenGL/cmake-3.29.1/CMakeFiles/CMakeTmp'

Run Build Command(s): /home/maxim/Programming/Cpp/OpenGL/cmake-3.29.1/Bootstrap.cmk/cmake -E env VERBOSE=1 /usr/bin/gmake -f Makefile cmTC_a3bb3/fast
gmake  -f CMakeFiles/cmTC_a3bb3.dir/build.make CMakeFiles/cmTC_a3bb3.dir/build
gmake[1]: вход в каталог «/home/maxim/Programming/Cpp/OpenGL/cmake-3.29.1/CMakeFiles/CMakeTmp»
Building C object CMakeFiles/cmTC_a3bb3.dir/CurlTests.c.o
/usr/bin/gcc   -w -DHAVE_GETHOSTBYNAME_R_5_REENTRANT  -DHAVE_SYS_WAIT_H -DHAVE_SYS_IOCTL_H -DHAVE_SYS_PARAM_H -DHAVE_SYS_POLL_H -DHAVE_SYS_RESOURCE_H -DHAVE_SYS_SELECT_H -DHAVE_SYS_SOCKET_H -DHAVE_SYS_STAT_H -DHAVE_SYS_TIME_H -DHAVE_SYS_TYPES_H -DHAVE_SYS_UN_H -DHAVE_SYS_XATTR_H -DHAVE_ARPA_INET_H -DHAVE_FCNTL_H -DHAVE_IFADDRS_H -DHAVE_LIBGEN_H -DHAVE_LOCALE_H -DHAVE_NET_IF_H -DHAVE_NETDB_H -DHAVE_NETINET_IN_H -DHAVE_NETINET_TCP_H -DHAVE_NETINET_UDP_H -DHAVE_POLL_H -DHAVE_PWD_H -DHAVE_STDBOOL_H -DHAVE_STRINGS_H -DHAVE_TERMIO_H -DHAVE_TERMIOS_H -DHAVE_UNISTD_H -DHAVE_UTIME_H -std=gnu11 -o CMakeFiles/cmTC_a3bb3.dir/CurlTests.c.o -c /home/maxim/Programming/Cpp/OpenGL/cmake-3.29.1/Utilities/cmcurl/CMake/CurlTests.c
/home/maxim/Programming/Cpp/OpenGL/cmake-3.29.1/Utilities/cmcurl/CMake/CurlTests.c: In function ‘main’:
/home/maxim/Programming/Cpp/OpenGL/cmake-3.29.1/Utilities/cmcurl/CMake/CurlTests.c:95:8: error: too few arguments to function ‘gethostbyname_r’
   95 |   rc = gethostbyname_r(address, &h, buffer, 8192, &h_errnop);
      |        ^~~~~~~~~~~~~~~
In file included from /home/maxim/Programming/Cpp/OpenGL/cmake-3.29.1/Utilities/cmcurl/CMake/CurlTests.c:70:
/usr/include/netdb.h:177:12: note: declared here
  177 | extern int gethostbyname_r (const char *__restrict __name,
      |            ^~~~~~~~~~~~~~~
gmake[1]: *** [CMakeFiles/cmTC_a3bb3.dir/build.make:78: CMakeFiles/cmTC_a3bb3.dir/CurlTests.c.o] Ошибка 1
gmake[1]: выход из каталога «/home/maxim/Programming/Cpp/OpenGL/cmake-3.29.1/CMakeFiles/CMakeTmp»
gmake: *** [Makefile:127: cmTC_a3bb3/fast] Ошибка 2


Performing Test HAVE_GLIBC_STRERROR_R failed with the following output:
Change Dir: '/home/maxim/Programming/Cpp/OpenGL/cmake-3.29.1/CMakeFiles/CMakeTmp'

Run Build Command(s): /home/maxim/Programming/Cpp/OpenGL/cmake-3.29.1/Bootstrap.cmk/cmake -E env VERBOSE=1 /usr/bin/gmake -f Makefile cmTC_371b8/fast
gmake  -f CMakeFiles/cmTC_371b8.dir/build.make CMakeFiles/cmTC_371b8.dir/build
gmake[1]: вход в каталог «/home/maxim/Programming/Cpp/OpenGL/cmake-3.29.1/CMakeFiles/CMakeTmp»
Building C object CMakeFiles/cmTC_371b8.dir/CurlTests.c.o
/usr/bin/gcc   -w -DHAVE_GLIBC_STRERROR_R  -DHAVE_SYS_WAIT_H -DHAVE_SYS_IOCTL_H -DHAVE_SYS_PARAM_H -DHAVE_SYS_POLL_H -DHAVE_SYS_RESOURCE_H -DHAVE_SYS_SELECT_H -DHAVE_SYS_SOCKET_H -DHAVE_SYS_STAT_H -DHAVE_SYS_TIME_H -DHAVE_SYS_TYPES_H -DHAVE_SYS_UN_H -DHAVE_SYS_XATTR_H -DHAVE_ARPA_INET_H -DHAVE_FCNTL_H -DHAVE_IFADDRS_H -DHAVE_LIBGEN_H -DHAVE_LOCALE_H -DHAVE_NET_IF_H -DHAVE_NETDB_H -DHAVE_NETINET_IN_H -DHAVE_NETINET_TCP_H -DHAVE_NETINET_UDP_H -DHAVE_POLL_H -DHAVE_PWD_H -DHAVE_STDBOOL_H -DHAVE_STRINGS_H -DHAVE_TERMIO_H -DHAVE_TERMIOS_H -DHAVE_UNISTD_H -DHAVE_UTIME_H -std=gnu11 -o CMakeFiles/cmTC_371b8.dir/CurlTests.c.o -c /home/maxim/Programming/Cpp/OpenGL/cmake-3.29.1/Utilities/cmcurl/CMake/CurlTests.c
/home/maxim/Programming/Cpp/OpenGL/cmake-3.29.1/Utilities/cmcurl/CMake/CurlTests.c: In function ‘main’:
/home/maxim/Programming/Cpp/OpenGL/cmake-3.29.1/Utilities/cmcurl/CMake/CurlTests.c:331:51: error: subscripted value is neither array nor pointer nor vector
  331 |   check(strerror_r(EACCES, buffer, sizeof(buffer))[0]);
      |                                                   ^
gmake[1]: *** [CMakeFiles/cmTC_371b8.dir/build.make:78: CMakeFiles/cmTC_371b8.dir/CurlTests.c.o] Ошибка 1
gmake[1]: выход из каталога «/home/maxim/Programming/Cpp/OpenGL/cmake-3.29.1/CMakeFiles/CMakeTmp»
gmake: *** [Makefile:127: cmTC_371b8/fast] Ошибка 2


Performing Test HAVE_BUILTIN_AVAILABLE failed with the following output:
Change Dir: '/home/maxim/Programming/Cpp/OpenGL/cmake-3.29.1/CMakeFiles/CMakeTmp'

Run Build Command(s): /home/maxim/Programming/Cpp/OpenGL/cmake-3.29.1/Bootstrap.cmk/cmake -E env VERBOSE=1 /usr/bin/gmake -f Makefile cmTC_87407/fast
gmake  -f CMakeFiles/cmTC_87407.dir/build.make CMakeFiles/cmTC_87407.dir/build
gmake[1]: вход в каталог «/home/maxim/Programming/Cpp/OpenGL/cmake-3.29.1/CMakeFiles/CMakeTmp»
Building C object CMakeFiles/cmTC_87407.dir/CurlTests.c.o
/usr/bin/gcc   -w -DHAVE_BUILTIN_AVAILABLE  -DHAVE_SYS_WAIT_H -DHAVE_SYS_IOCTL_H -DHAVE_SYS_PARAM_H -DHAVE_SYS_POLL_H -DHAVE_SYS_RESOURCE_H -DHAVE_SYS_SELECT_H -DHAVE_SYS_SOCKET_H -DHAVE_SYS_STAT_H -DHAVE_SYS_TIME_H -DHAVE_SYS_TYPES_H -DHAVE_SYS_UN_H -DHAVE_SYS_XATTR_H -DHAVE_ARPA_INET_H -DHAVE_FCNTL_H -DHAVE_IFADDRS_H -DHAVE_LIBGEN_H -DHAVE_LOCALE_H -DHAVE_NET_IF_H -DHAVE_NETDB_H -DHAVE_NETINET_IN_H -DHAVE_NETINET_TCP_H -DHAVE_NETINET_UDP_H -DHAVE_POLL_H -DHAVE_PWD_H -DHAVE_STDBOOL_H -DHAVE_STRINGS_H -DHAVE_TERMIO_H -DHAVE_TERMIOS_H -DHAVE_UNISTD_H -DHAVE_UTIME_H -std=gnu11 -o CMakeFiles/cmTC_87407.dir/CurlTests.c.o -c /home/maxim/Programming/Cpp/OpenGL/cmake-3.29.1/Utilities/cmcurl/CMake/CurlTests.c
/home/maxim/Programming/Cpp/OpenGL/cmake-3.29.1/Utilities/cmcurl/CMake/CurlTests.c: In function ‘main’:
/home/maxim/Programming/Cpp/OpenGL/cmake-3.29.1/Utilities/cmcurl/CMake/CurlTests.c:383:26: error: ‘macOS’ undeclared (first use in this function)
  383 |   if(__builtin_available(macOS 10.12, *)) {}
      |                          ^~~~~
/home/maxim/Programming/Cpp/OpenGL/cmake-3.29.1/Utilities/cmcurl/CMake/CurlTests.c:383:26: note: each undeclared identifier is reported only once for each function it appears in
/home/maxim/Programming/Cpp/OpenGL/cmake-3.29.1/Utilities/cmcurl/CMake/CurlTests.c:383:31: error: expected ‘)’ before numeric constant
  383 |   if(__builtin_available(macOS 10.12, *)) {}
      |                         ~     ^~~~~~
      |                               )
gmake[1]: *** [CMakeFiles/cmTC_87407.dir/build.make:78: CMakeFiles/cmTC_87407.dir/CurlTests.c.o] Ошибка 1
gmake[1]: выход из каталога «/home/maxim/Programming/Cpp/OpenGL/cmake-3.29.1/CMakeFiles/CMakeTmp»
gmake: *** [Makefile:127: cmTC_87407/fast] Ошибка 2


Looking for a Fortran compiler failed with the following output:
-- The Fortran compiler identification is unknown
CMake Error at CMakeLists.txt:2 (project):
  No CMAKE_Fortran_COMPILER could be found.

  Tell CMake where to find the compiler by setting either the environment
  variable "FC" or the CMake cache entry CMAKE_Fortran_COMPILER to the full
  path to the compiler, or to the compiler name if it is in the PATH.


-- Configuring incomplete, errors occurred!

